<?xml version="1.0" encoding="UTF-8"?>
<!-- Generated by org.testng.reporters.JUnitReportReporter -->
<testsuite skipped="0" hostname="mahbub-VirtualBox" name="com.os.testRunner.testNGtestRunner" tests="1" failures="0" timestamp="24 Jan 2019 17:42:19 GMT" time="0.142" errors="0">
  <testcase name="feature" time="0.142" classname="com.os.testRunner.testNGtestRunner"/>
</testsuite> <!-- com.os.testRunner.testNGtestRunner -->
